<?xml version="1.0" encoding="UTF-8"?>
<!-- Generated by org.testng.reporters.JUnitReportReporter -->
<testsuite skipped="0" hostname="Mani" name="org.tcs.login.TestngParameter" tests="2" failures="0" timestamp="11 Sep 2018 05:20:28 GMT" time="0.029" errors="0">
  <testcase name="test1" time="0.024" classname="org.tcs.login.TestngParameter"/>
  <testcase name="test2" time="0.005" classname="org.tcs.login.TestngParameter"/>
</testsuite> <!-- org.tcs.login.TestngParameter -->
