<?xml version="1.0" encoding="UTF-8"?>
<!-- Generated by org.testng.reporters.JUnitReportReporter -->
<testsuite skipped="0" hostname="Mani" name="org.tcs.login.Amazon" tests="1" failures="0" timestamp="12 Oct 2018 06:46:36 GMT" time="18.369" errors="0">
  <testcase name="test1" time="18.369" classname="org.tcs.login.Amazon"/>
</testsuite> <!-- org.tcs.login.Amazon -->
