<?xml version="1.0" encoding="UTF-8"?>
<!-- Generated by org.testng.reporters.JUnitReportReporter -->
<testsuite skipped="0" hostname="Mani" name="org.tcs.login.AmazonRandom" tests="1" failures="0" timestamp="19 Oct 2018 05:22:01 GMT" time="20.224" errors="0">
  <testcase name="test" time="20.224" classname="org.tcs.login.AmazonRandom"/>
</testsuite> <!-- org.tcs.login.AmazonRandom -->
