<?xml version="1.0" encoding="UTF-8"?>
<!-- Generated by org.testng.reporters.JUnitReportReporter -->
<testsuite skipped="0" hostname="Mani" name="org.test.login.BobcatProducts" tests="2" failures="0" timestamp="21 Oct 2018 06:21:00 GMT" time="4.685" errors="0">
  <testcase name="test1" time="3.892" classname="org.test.login.BobcatProducts"/>
  <testcase name="test2" time="0.793" classname="org.test.login.BobcatProducts"/>
</testsuite> <!-- org.test.login.BobcatProducts -->
