<?xml version="1.0" encoding="UTF-8"?>
<!-- Generated by org.testng.reporters.JUnitReportReporter -->
<testsuite skipped="0" hostname="Mani" name="org.test.login.TestNGSample" tests="3" failures="0" timestamp="10 Sep 2018 07:09:35 GMT" time="13.022" errors="0">
  <testcase name="test1" time="13.014" classname="org.test.login.TestNGSample"/>
  <testcase name="test3" time="0.003" classname="org.test.login.TestNGSample"/>
  <testcase name="test2" time="0.005" classname="org.test.login.TestNGSample"/>
</testsuite> <!-- org.test.login.TestNGSample -->
