<?xml version="1.0" encoding="UTF-8"?>
<!-- Generated by org.testng.reporters.JUnitReportReporter -->
<testsuite skipped="0" hostname="Mani" name="org.tcs.login.TestngSample" tests="5" failures="0" timestamp="11 Sep 2018 04:39:49 GMT" time="0.052" errors="0">
  <testcase name="test2" time="0.030" classname="org.tcs.login.TestngSample"/>
  <testcase name="test4" time="0.005" classname="org.tcs.login.TestngSample"/>
  <testcase name="test5" time="0.005" classname="org.tcs.login.TestngSample"/>
  <testcase name="test3" time="0.003" classname="org.tcs.login.TestngSample"/>
  <testcase name="test1" time="0.009" classname="org.tcs.login.TestngSample"/>
</testsuite> <!-- org.tcs.login.TestngSample -->
