<?xml version="1.0" encoding="UTF-8"?>
<!-- Generated by org.testng.reporters.JUnitReportReporter -->
<testsuite skipped="0" hostname="Mani" name="org.tcs.login.TestngParameterOptional" tests="1" failures="0" timestamp="11 Sep 2018 07:40:40 GMT" time="0.030" errors="0">
  <testcase name="test1" time="0.030" classname="org.tcs.login.TestngParameterOptional"/>
</testsuite> <!-- org.tcs.login.TestngParameterOptional -->
