<?xml version="1.0" encoding="UTF-8"?>
<!-- Generated by org.testng.reporters.JUnitReportReporter -->
<testsuite skipped="0" hostname="Mani" name="org.test.login.NetflexSpeed" tests="1" failures="0" timestamp="18 Oct 2018 07:53:32 GMT" time="13.897" errors="0">
  <testcase name="test" time="13.897" classname="org.test.login.NetflexSpeed"/>
</testsuite> <!-- org.test.login.NetflexSpeed -->
